04-Oct-2021 13:36:59.340 INFO [main] org.apache.catalina.core.ApplicationContext.log ContextListener: contextInitialized()
04-Oct-2021 13:36:59.340 INFO [main] org.apache.catalina.core.ApplicationContext.log SessionListener: contextInitialized()
04-Oct-2021 13:36:59.341 INFO [main] org.apache.catalina.core.ApplicationContext.log ContextListener: attributeAdded('StockTicker', 'async.Stockticker@63475ace')
04-Oct-2021 13:42:04.370 INFO [main] org.apache.catalina.core.ApplicationContext.log ContextListener: contextInitialized()
04-Oct-2021 13:42:04.370 INFO [main] org.apache.catalina.core.ApplicationContext.log SessionListener: contextInitialized()
04-Oct-2021 13:42:04.371 INFO [main] org.apache.catalina.core.ApplicationContext.log ContextListener: attributeAdded('StockTicker', 'async.Stockticker@63475ace')
04-Oct-2021 13:55:48.131 INFO [Thread-3] org.apache.catalina.core.ApplicationContext.log SessionListener: contextDestroyed()
04-Oct-2021 13:55:48.131 INFO [Thread-3] org.apache.catalina.core.ApplicationContext.log ContextListener: contextDestroyed()
04-Oct-2021 13:57:13.586 INFO [main] org.apache.catalina.core.ApplicationContext.log ContextListener: contextInitialized()
04-Oct-2021 13:57:13.587 INFO [main] org.apache.catalina.core.ApplicationContext.log SessionListener: contextInitialized()
04-Oct-2021 13:57:13.588 INFO [main] org.apache.catalina.core.ApplicationContext.log ContextListener: attributeAdded('StockTicker', 'async.Stockticker@68267da0')
04-Oct-2021 15:14:10.224 INFO [Thread-3] org.apache.catalina.core.ApplicationContext.log SessionListener: contextDestroyed()
04-Oct-2021 15:14:10.224 INFO [Thread-3] org.apache.catalina.core.ApplicationContext.log ContextListener: contextDestroyed()
04-Oct-2021 15:14:24.080 INFO [main] org.apache.catalina.core.ApplicationContext.log ContextListener: contextInitialized()
04-Oct-2021 15:14:24.080 INFO [main] org.apache.catalina.core.ApplicationContext.log SessionListener: contextInitialized()
04-Oct-2021 15:14:24.081 INFO [main] org.apache.catalina.core.ApplicationContext.log ContextListener: attributeAdded('StockTicker', 'async.Stockticker@7eae3764')
04-Oct-2021 15:15:08.069 INFO [Thread-3] org.apache.catalina.core.ApplicationContext.log SessionListener: contextDestroyed()
04-Oct-2021 15:15:08.069 INFO [Thread-3] org.apache.catalina.core.ApplicationContext.log ContextListener: contextDestroyed()
04-Oct-2021 15:15:44.453 INFO [main] org.apache.catalina.core.ApplicationContext.log ContextListener: contextInitialized()
04-Oct-2021 15:15:44.454 INFO [main] org.apache.catalina.core.ApplicationContext.log SessionListener: contextInitialized()
04-Oct-2021 15:15:44.455 INFO [main] org.apache.catalina.core.ApplicationContext.log ContextListener: attributeAdded('StockTicker', 'async.Stockticker@7eae3764')
04-Oct-2021 15:17:45.273 INFO [Thread-3] org.apache.catalina.core.ApplicationContext.log SessionListener: contextDestroyed()
04-Oct-2021 15:17:45.273 INFO [Thread-3] org.apache.catalina.core.ApplicationContext.log ContextListener: contextDestroyed()
04-Oct-2021 15:17:58.021 INFO [main] org.apache.catalina.core.ApplicationContext.log ContextListener: contextInitialized()
04-Oct-2021 15:17:58.021 INFO [main] org.apache.catalina.core.ApplicationContext.log SessionListener: contextInitialized()
04-Oct-2021 15:17:58.022 INFO [main] org.apache.catalina.core.ApplicationContext.log ContextListener: attributeAdded('StockTicker', 'async.Stockticker@7eae3764')
04-Oct-2021 15:19:37.361 INFO [Thread-3] org.apache.catalina.core.ApplicationContext.log SessionListener: contextDestroyed()
04-Oct-2021 15:19:37.361 INFO [Thread-3] org.apache.catalina.core.ApplicationContext.log ContextListener: contextDestroyed()
04-Oct-2021 15:24:30.437 INFO [main] org.apache.catalina.core.ApplicationContext.log ContextListener: contextInitialized()
04-Oct-2021 15:24:30.437 INFO [main] org.apache.catalina.core.ApplicationContext.log SessionListener: contextInitialized()
04-Oct-2021 15:24:30.438 INFO [main] org.apache.catalina.core.ApplicationContext.log ContextListener: attributeAdded('StockTicker', 'async.Stockticker@7eae3764')
